{"C:\\Users\\eduarda.guadagnin\\Desktop\\Padaria\\test\\unit\\setup.js": {"path":"C:\\Users\\eduarda.guadagnin\\Desktop\\Padaria\\test\\unit\\setup.js","statementMap":{"0":{"start":{"line":3,"column":12},"end":{"line":3,"column":23}},"1":{"start":{"line":4,"column":19},"end":{"line":4,"column":22}},"2":{"start":{"line":5,"column":21},"end":{"line":5,"column":27}},"3":{"start":{"line":7,"column":0},"end":{"line":7,"column":23}},"4":{"start":{"line":8,"column":0},"end":{"line":8,"column":27}},"5":{"start":{"line":10,"column":0},"end":{"line":17,"column":3}},"6":{"start":{"line":10,"column":52},"end":{"line":17,"column":1}},"7":{"start":{"line":19,"column":0},"end":{"line":19,"column":42}}},"fnMap":{"0":{"name":"(anonymous_0)","decl":{"start":{"line":10,"column":45},"end":{"line":10,"column":46}},"loc":{"start":{"line":10,"column":52},"end":{"line":17,"column":1}},"line":10}},"branchMap":{},"s":{"0":14,"1":14,"2":14,"3":14,"4":14,"5":14,"6":0,"7":14},"f":{"0":0},"b":{},"_coverageSchema":"332fd63041d2c1bcb487cc26dd0d5f7d97098a6c","hash":"61aeba56e69e64ddca51f40f0fcee9d9ed7773cb"}
}
