{"C:\\Users\\eduarda.guadagnin\\Desktop\\Padaria\\src\\router.js": {"path":"C:\\Users\\eduarda.guadagnin\\Desktop\\Padaria\\src\\router.js","statementMap":{"0":{"start":{"line":9,"column":0},"end":{"line":9,"column":18}},"1":{"start":{"line":11,"column":15},"end":{"line":42,"column":1}},"2":{"start":{"line":44,"column":15},"end":{"line":47,"column":2}}},"fnMap":{},"branchMap":{},"s":{"0":1,"1":1,"2":1},"f":{},"b":{},"_coverageSchema":"332fd63041d2c1bcb487cc26dd0d5f7d97098a6c","hash":"444f05b9a169940f1dde82a5adc45dbfe2a724e4"}
,"C:\\Users\\eduarda.guadagnin\\Desktop\\Padaria\\src\\components\\moleculas\\Banner.vue": {"path":"C:\\Users\\eduarda.guadagnin\\Desktop\\Padaria\\src\\components\\moleculas\\Banner.vue","statementMap":{"0":{"start":{"line":15,"column":0},"end":{"line":null,"column":-1}},"1":{"start":{"line":16,"column":0},"end":{"line":null,"column":-1}}},"fnMap":{},"branchMap":{},"s":{"0":2,"1":2},"f":{},"b":{}}
,"C:\\Users\\eduarda.guadagnin\\Desktop\\Padaria\\src\\components\\moleculas\\Card.vue": {"path":"C:\\Users\\eduarda.guadagnin\\Desktop\\Padaria\\src\\components\\moleculas\\Card.vue","statementMap":{"0":{"start":{"line":61,"column":0},"end":{"line":null,"column":-1}},"1":{"start":{"line":62,"column":0},"end":{"line":null,"column":-1}},"2":{"start":{"line":63,"column":0},"end":{"line":null,"column":-1}},"3":{"start":{"line":64,"column":0},"end":{"line":null,"column":-1}},"4":{"start":{"line":65,"column":0},"end":{"line":null,"column":-1}},"5":{"start":{"line":66,"column":0},"end":{"line":null,"column":-1}},"6":{"start":{"line":67,"column":0},"end":{"line":null,"column":-1}},"7":{"start":{"line":68,"column":0},"end":{"line":null,"column":-1}},"8":{"start":{"line":69,"column":0},"end":{"line":null,"column":-1}},"9":{"start":{"line":90,"column":0},"end":{"line":null,"column":-1}},"10":{"start":{"line":95,"column":0},"end":{"line":null,"column":-1}},"11":{"start":{"line":96,"column":0},"end":{"line":null,"column":-1}},"12":{"start":{"line":97,"column":0},"end":{"line":110,"column":0}},"13":{"start":{"line":98,"column":0},"end":{"line":null,"column":-1}},"14":{"start":{"line":99,"column":0},"end":{"line":null,"column":-1}},"15":{"start":{"line":100,"column":0},"end":{"line":null,"column":-1}},"16":{"start":{"line":101,"column":0},"end":{"line":null,"column":-1}},"17":{"start":{"line":102,"column":0},"end":{"line":null,"column":-1}},"18":{"start":{"line":103,"column":0},"end":{"line":107,"column":0}},"19":{"start":{"line":106,"column":0},"end":{"line":null,"column":-1}},"20":{"start":{"line":109,"column":0},"end":{"line":null,"column":-1}},"21":{"start":{"line":113,"column":0},"end":{"line":null,"column":-1}},"22":{"start":{"line":114,"column":0},"end":{"line":null,"column":-1}}},"fnMap":{"0":{"name":"data","decl":{"start":{"line":89,"column":0},"end":{"line":null,"column":-1}},"loc":{"start":{"line":89,"column":0},"end":{"line":93,"column":0}}},"1":{"name":"comprar","decl":{"start":{"line":95,"column":0},"end":{"line":null,"column":-1}},"loc":{"start":{"line":95,"column":0},"end":{"line":111,"column":0}}},"2":{"name":"(anonymous_4)","decl":{"start":{"line":103,"column":0},"end":{"line":null,"column":-1}},"loc":{"start":{"line":103,"column":0},"end":{"line":107,"column":0}}},"3":{"name":"obterValor","decl":{"start":{"line":112,"column":0},"end":{"line":null,"column":-1}},"loc":{"start":{"line":112,"column":0},"end":{"line":115,"column":0}}}},"branchMap":{"0":{"loc":{"start":{"line":97,"column":0},"end":{"line":110,"column":0}},"type":"if","locations":[{"start":{"line":97,"column":0},"end":{"line":110,"column":0}},{"start":{"line":97,"column":0},"end":{"line":110,"column":0}}]},"1":{"loc":{"start":{"line":97,"column":0},"end":{"line":null,"column":-1}},"type":"binary-expr","locations":[{"start":{"line":97,"column":0},"end":{"line":null,"column":-1}},{"start":{"line":97,"column":0},"end":{"line":null,"column":-1}}]}},"s":{"0":2,"1":2,"2":2,"3":2,"4":2,"5":2,"6":2,"7":2,"8":2,"9":0,"10":0,"11":0,"12":0,"13":0,"14":0,"15":0,"16":0,"17":0,"18":0,"19":0,"20":0,"21":0,"22":0},"f":{"0":0,"1":0,"2":0,"3":0},"b":{"0":[0,0],"1":[0,0]}}
,"C:\\Users\\eduarda.guadagnin\\Desktop\\Padaria\\src\\components\\moleculas\\Ofertas.vue": {"path":"C:\\Users\\eduarda.guadagnin\\Desktop\\Padaria\\src\\components\\moleculas\\Ofertas.vue","statementMap":{"0":{"start":{"line":9,"column":0},"end":{"line":null,"column":-1}},"1":{"start":{"line":10,"column":0},"end":{"line":null,"column":-1}},"2":{"start":{"line":11,"column":0},"end":{"line":null,"column":-1}},"3":{"start":{"line":15,"column":0},"end":{"line":null,"column":-1}},"4":{"start":{"line":23,"column":0},"end":{"line":null,"column":-1}},"5":{"start":{"line":24,"column":0},"end":{"line":null,"column":-1}}},"fnMap":{"0":{"name":"data","decl":{"start":{"line":14,"column":0},"end":{"line":null,"column":-1}},"loc":{"start":{"line":14,"column":0},"end":{"line":18,"column":0}}},"1":{"name":"mounted","decl":{"start":{"line":23,"column":0},"end":{"line":null,"column":-1}},"loc":{"start":{"line":23,"column":0},"end":{"line":25,"column":0}}}},"branchMap":{"0":{"loc":{"start":{"line":23,"column":0},"end":{"line":null,"column":-1}},"type":"switch","locations":[{"start":{"line":23,"column":0},"end":{"line":null,"column":-1}},{"start":{"line":23,"column":0},"end":{"line":24,"column":0}},{"start":{"line":23,"column":0},"end":{"line":null,"column":-1}},{"start":{"line":23,"column":0},"end":{"line":null,"column":-1}}]}},"s":{"0":1,"1":1,"2":1,"3":0,"4":0,"5":0},"f":{"0":0,"1":0},"b":{"0":[0,0,0,0]}}
,"C:\\Users\\eduarda.guadagnin\\Desktop\\Padaria\\src\\components\\organismos\\Home.vue": {"path":"C:\\Users\\eduarda.guadagnin\\Desktop\\Padaria\\src\\components\\organismos\\Home.vue","statementMap":{"0":{"start":{"line":19,"column":0},"end":{"line":null,"column":-1}},"1":{"start":{"line":20,"column":0},"end":{"line":null,"column":-1}},"2":{"start":{"line":21,"column":0},"end":{"line":null,"column":-1}},"3":{"start":{"line":22,"column":0},"end":{"line":null,"column":-1}}},"fnMap":{},"branchMap":{},"s":{"0":1,"1":1,"2":1,"3":1},"f":{},"b":{}}
,"C:\\Users\\eduarda.guadagnin\\Desktop\\Padaria\\src\\components\\organismos\\produto\\CadatroProd.vue": {"path":"C:\\Users\\eduarda.guadagnin\\Desktop\\Padaria\\src\\components\\organismos\\produto\\CadatroProd.vue","statementMap":{"0":{"start":{"line":60,"column":0},"end":{"line":null,"column":-1}},"1":{"start":{"line":61,"column":0},"end":{"line":null,"column":-1}},"2":{"start":{"line":62,"column":0},"end":{"line":null,"column":-1}},"3":{"start":{"line":63,"column":0},"end":{"line":null,"column":-1}},"4":{"start":{"line":64,"column":0},"end":{"line":null,"column":-1}},"5":{"start":{"line":65,"column":0},"end":{"line":null,"column":-1}},"6":{"start":{"line":66,"column":0},"end":{"line":null,"column":-1}},"7":{"start":{"line":70,"column":0},"end":{"line":null,"column":-1}},"8":{"start":{"line":92,"column":0},"end":{"line":null,"column":-1}},"9":{"start":{"line":94,"column":0},"end":{"line":null,"column":-1}},"10":{"start":{"line":95,"column":0},"end":{"line":104,"column":0}},"11":{"start":{"line":98,"column":0},"end":{"line":null,"column":-1}},"12":{"start":{"line":99,"column":0},"end":{"line":null,"column":-1}},"13":{"start":{"line":102,"column":0},"end":{"line":null,"column":-1}},"14":{"start":{"line":103,"column":0},"end":{"line":null,"column":-1}},"15":{"start":{"line":106,"column":0},"end":{"line":null,"column":-1}},"16":{"start":{"line":107,"column":0},"end":{"line":116,"column":0}},"17":{"start":{"line":110,"column":0},"end":{"line":null,"column":-1}},"18":{"start":{"line":111,"column":0},"end":{"line":null,"column":-1}},"19":{"start":{"line":114,"column":0},"end":{"line":null,"column":-1}},"20":{"start":{"line":115,"column":0},"end":{"line":null,"column":-1}},"21":{"start":{"line":119,"column":0},"end":{"line":null,"column":-1}}},"fnMap":{"0":{"name":"data","decl":{"start":{"line":69,"column":0},"end":{"line":null,"column":-1}},"loc":{"start":{"line":69,"column":0},"end":{"line":80,"column":0}}},"1":{"name":"limpa","decl":{"start":{"line":91,"column":0},"end":{"line":null,"column":-1}},"loc":{"start":{"line":91,"column":0},"end":{"line":93,"column":0}}},"2":{"name":"adicionarCardapio","decl":{"start":{"line":94,"column":0},"end":{"line":null,"column":-1}},"loc":{"start":{"line":94,"column":0},"end":{"line":105,"column":0}}},"3":{"name":"(anonymous_5)","decl":{"start":{"line":95,"column":0},"end":{"line":null,"column":-1}},"loc":{"start":{"line":95,"column":0},"end":{"line":100,"column":0}}},"4":{"name":"(anonymous_6)","decl":{"start":{"line":100,"column":0},"end":{"line":null,"column":-1}},"loc":{"start":{"line":100,"column":0},"end":{"line":104,"column":0}}},"5":{"name":"adicionarOferta","decl":{"start":{"line":106,"column":0},"end":{"line":null,"column":-1}},"loc":{"start":{"line":106,"column":0},"end":{"line":117,"column":0}}},"6":{"name":"(anonymous_8)","decl":{"start":{"line":107,"column":0},"end":{"line":null,"column":-1}},"loc":{"start":{"line":107,"column":0},"end":{"line":112,"column":0}}},"7":{"name":"(anonymous_9)","decl":{"start":{"line":112,"column":0},"end":{"line":null,"column":-1}},"loc":{"start":{"line":112,"column":0},"end":{"line":116,"column":0}}},"8":{"name":"LimparInput","decl":{"start":{"line":118,"column":0},"end":{"line":null,"column":-1}},"loc":{"start":{"line":118,"column":0},"end":{"line":120,"column":0}}}},"branchMap":{},"s":{"0":1,"1":1,"2":1,"3":1,"4":1,"5":1,"6":1,"7":0,"8":0,"9":0,"10":0,"11":0,"12":0,"13":0,"14":0,"15":0,"16":0,"17":0,"18":0,"19":0,"20":0,"21":0},"f":{"0":0,"1":0,"2":0,"3":0,"4":0,"5":0,"6":0,"7":0,"8":0},"b":{}}
,"C:\\Users\\eduarda.guadagnin\\Desktop\\Padaria\\src\\components\\organismos\\produto\\Produtos.vue": {"path":"C:\\Users\\eduarda.guadagnin\\Desktop\\Padaria\\src\\components\\organismos\\produto\\Produtos.vue","statementMap":{"0":{"start":{"line":6,"column":0},"end":{"line":null,"column":-1}},"1":{"start":{"line":7,"column":0},"end":{"line":null,"column":-1}},"2":{"start":{"line":11,"column":0},"end":{"line":null,"column":-1}},"3":{"start":{"line":18,"column":0},"end":{"line":null,"column":-1}},"4":{"start":{"line":19,"column":0},"end":{"line":null,"column":-1}}},"fnMap":{"0":{"name":"data","decl":{"start":{"line":10,"column":0},"end":{"line":null,"column":-1}},"loc":{"start":{"line":10,"column":0},"end":{"line":14,"column":0}}},"1":{"name":"mounted","decl":{"start":{"line":18,"column":0},"end":{"line":null,"column":-1}},"loc":{"start":{"line":18,"column":0},"end":{"line":20,"column":0}}}},"branchMap":{"0":{"loc":{"start":{"line":18,"column":0},"end":{"line":null,"column":-1}},"type":"switch","locations":[{"start":{"line":18,"column":0},"end":{"line":null,"column":-1}},{"start":{"line":18,"column":0},"end":{"line":19,"column":0}},{"start":{"line":18,"column":0},"end":{"line":null,"column":-1}},{"start":{"line":18,"column":0},"end":{"line":null,"column":-1}}]}},"s":{"0":2,"1":2,"2":1,"3":7,"4":0},"f":{"0":1,"1":3},"b":{"0":[1,0,0,0]}}
,"C:\\Users\\eduarda.guadagnin\\Desktop\\Padaria\\src\\components\\organismos\\usuarios\\Cadastro.vue": {"path":"C:\\Users\\eduarda.guadagnin\\Desktop\\Padaria\\src\\components\\organismos\\usuarios\\Cadastro.vue","statementMap":{"0":{"start":{"line":42,"column":0},"end":{"line":null,"column":-1}},"1":{"start":{"line":43,"column":0},"end":{"line":null,"column":-1}},"2":{"start":{"line":44,"column":0},"end":{"line":null,"column":-1}},"3":{"start":{"line":45,"column":0},"end":{"line":null,"column":-1}},"4":{"start":{"line":46,"column":0},"end":{"line":null,"column":-1}},"5":{"start":{"line":50,"column":0},"end":{"line":null,"column":-1}},"6":{"start":{"line":66,"column":0},"end":{"line":null,"column":-1}},"7":{"start":{"line":67,"column":0},"end":{"line":76,"column":0}},"8":{"start":{"line":69,"column":0},"end":{"line":null,"column":-1}},"9":{"start":{"line":72,"column":0},"end":{"line":null,"column":-1}},"10":{"start":{"line":73,"column":0},"end":{"line":null,"column":-1}},"11":{"start":{"line":74,"column":0},"end":{"line":null,"column":-1}},"12":{"start":{"line":75,"column":0},"end":{"line":null,"column":-1}},"13":{"start":{"line":77,"column":0},"end":{"line":null,"column":-1}},"14":{"start":{"line":80,"column":0},"end":{"line":84,"column":0}},"15":{"start":{"line":81,"column":0},"end":{"line":null,"column":-1}},"16":{"start":{"line":83,"column":0},"end":{"line":null,"column":-1}}},"fnMap":{"0":{"name":"data","decl":{"start":{"line":49,"column":0},"end":{"line":null,"column":-1}},"loc":{"start":{"line":49,"column":0},"end":{"line":58,"column":0}}},"1":{"name":"cadastrar","decl":{"start":{"line":66,"column":0},"end":{"line":null,"column":-1}},"loc":{"start":{"line":66,"column":0},"end":{"line":78,"column":0}}},"2":{"name":"(anonymous_4)","decl":{"start":{"line":67,"column":0},"end":{"line":null,"column":-1}},"loc":{"start":{"line":67,"column":0},"end":{"line":70,"column":0}}},"3":{"name":"(anonymous_5)","decl":{"start":{"line":70,"column":0},"end":{"line":null,"column":-1}},"loc":{"start":{"line":70,"column":0},"end":{"line":76,"column":0}}},"4":{"name":"ConferirSenha","decl":{"start":{"line":79,"column":0},"end":{"line":null,"column":-1}},"loc":{"start":{"line":79,"column":0},"end":{"line":85,"column":0}}}},"branchMap":{"0":{"loc":{"start":{"line":80,"column":0},"end":{"line":84,"column":0}},"type":"if","locations":[{"start":{"line":80,"column":0},"end":{"line":84,"column":0}},{"start":{"line":80,"column":0},"end":{"line":84,"column":0}}]}},"s":{"0":2,"1":2,"2":2,"3":2,"4":2,"5":1,"6":0,"7":0,"8":0,"9":0,"10":0,"11":0,"12":0,"13":0,"14":0,"15":0,"16":0},"f":{"0":1,"1":0,"2":0,"3":0,"4":0},"b":{"0":[0,0]}}
,"C:\\Users\\eduarda.guadagnin\\Desktop\\Padaria\\src\\components\\organismos\\usuarios\\Login.vue": {"path":"C:\\Users\\eduarda.guadagnin\\Desktop\\Padaria\\src\\components\\organismos\\usuarios\\Login.vue","statementMap":{"0":{"start":{"line":29,"column":0},"end":{"line":null,"column":-1}},"1":{"start":{"line":30,"column":0},"end":{"line":null,"column":-1}},"2":{"start":{"line":31,"column":0},"end":{"line":null,"column":-1}},"3":{"start":{"line":32,"column":0},"end":{"line":null,"column":-1}},"4":{"start":{"line":36,"column":0},"end":{"line":null,"column":-1}},"5":{"start":{"line":49,"column":0},"end":{"line":null,"column":-1}},"6":{"start":{"line":50,"column":0},"end":{"line":58,"column":0}},"7":{"start":{"line":52,"column":0},"end":{"line":null,"column":-1}},"8":{"start":{"line":55,"column":0},"end":{"line":null,"column":-1}},"9":{"start":{"line":56,"column":0},"end":{"line":null,"column":-1}},"10":{"start":{"line":57,"column":0},"end":{"line":null,"column":-1}}},"fnMap":{"0":{"name":"data","decl":{"start":{"line":35,"column":0},"end":{"line":null,"column":-1}},"loc":{"start":{"line":35,"column":0},"end":{"line":42,"column":0}}},"1":{"name":"logar","decl":{"start":{"line":49,"column":0},"end":{"line":null,"column":-1}},"loc":{"start":{"line":49,"column":0},"end":{"line":59,"column":0}}},"2":{"name":"(anonymous_4)","decl":{"start":{"line":50,"column":0},"end":{"line":null,"column":-1}},"loc":{"start":{"line":50,"column":0},"end":{"line":53,"column":0}}},"3":{"name":"(anonymous_5)","decl":{"start":{"line":53,"column":0},"end":{"line":null,"column":-1}},"loc":{"start":{"line":53,"column":0},"end":{"line":58,"column":0}}}},"branchMap":{},"s":{"0":1,"1":1,"2":1,"3":1,"4":1,"5":0,"6":0,"7":0,"8":0,"9":0,"10":0},"f":{"0":1,"1":0,"2":0,"3":0},"b":{}}
,"C:\\Users\\eduarda.guadagnin\\Desktop\\Padaria\\src\\components\\organismos\\usuarios\\PageUser.vue": {"path":"C:\\Users\\eduarda.guadagnin\\Desktop\\Padaria\\src\\components\\organismos\\usuarios\\PageUser.vue","statementMap":{"0":{"start":{"line":11,"column":0},"end":{"line":null,"column":-1}},"1":{"start":{"line":12,"column":0},"end":{"line":null,"column":-1}}},"fnMap":{},"branchMap":{},"s":{"0":1,"1":1},"f":{},"b":{}}
,"C:\\Users\\eduarda.guadagnin\\Desktop\\Padaria\\src\\plugins\\axios.js": {"path":"C:\\Users\\eduarda.guadagnin\\Desktop\\Padaria\\src\\plugins\\axios.js","statementMap":{"0":{"start":{"line":4,"column":0},"end":{"line":14,"column":2}},"1":{"start":{"line":7,"column":4},"end":{"line":12,"column":6}},"2":{"start":{"line":17,"column":2},"end":{"line":21,"column":6}},"3":{"start":{"line":19,"column":6},"end":{"line":19,"column":27}},"4":{"start":{"line":20,"column":6},"end":{"line":20,"column":26}},"5":{"start":{"line":24,"column":2},"end":{"line":27,"column":6}},"6":{"start":{"line":26,"column":6},"end":{"line":26,"column":26}}},"fnMap":{"0":{"name":"getProdutos","decl":{"start":{"line":16,"column":16},"end":{"line":16,"column":27}},"loc":{"start":{"line":16,"column":31},"end":{"line":22,"column":1}},"line":16},"1":{"name":"(anonymous_1)","decl":{"start":{"line":18,"column":10},"end":{"line":18,"column":11}},"loc":{"start":{"line":18,"column":22},"end":{"line":21,"column":5}},"line":18},"2":{"name":"getOfertas","decl":{"start":{"line":23,"column":16},"end":{"line":23,"column":26}},"loc":{"start":{"line":23,"column":30},"end":{"line":28,"column":1}},"line":23},"3":{"name":"(anonymous_3)","decl":{"start":{"line":25,"column":10},"end":{"line":25,"column":11}},"loc":{"start":{"line":25,"column":22},"end":{"line":27,"column":5}},"line":25}},"branchMap":{},"s":{"0":2,"1":2,"2":1,"3":0,"4":0,"5":0,"6":0},"f":{"0":1,"1":0,"2":0,"3":0},"b":{},"_coverageSchema":"332fd63041d2c1bcb487cc26dd0d5f7d97098a6c","hash":"86defad19749a8c4651501b8de7570e197c75729"}
,"C:\\Users\\eduarda.guadagnin\\Desktop\\Padaria\\test\\unit\\setup.js": {"path":"C:\\Users\\eduarda.guadagnin\\Desktop\\Padaria\\test\\unit\\setup.js","statementMap":{"0":{"start":{"line":3,"column":12},"end":{"line":3,"column":23}},"1":{"start":{"line":4,"column":19},"end":{"line":4,"column":22}},"2":{"start":{"line":5,"column":21},"end":{"line":5,"column":27}},"3":{"start":{"line":7,"column":0},"end":{"line":7,"column":23}},"4":{"start":{"line":8,"column":0},"end":{"line":8,"column":27}},"5":{"start":{"line":10,"column":0},"end":{"line":17,"column":3}},"6":{"start":{"line":10,"column":52},"end":{"line":17,"column":1}},"7":{"start":{"line":19,"column":0},"end":{"line":19,"column":42}}},"fnMap":{"0":{"name":"(anonymous_0)","decl":{"start":{"line":10,"column":45},"end":{"line":10,"column":46}},"loc":{"start":{"line":10,"column":52},"end":{"line":17,"column":1}},"line":10}},"branchMap":{},"s":{"0":20,"1":20,"2":20,"3":20,"4":20,"5":20,"6":0,"7":20},"f":{"0":0},"b":{},"_coverageSchema":"332fd63041d2c1bcb487cc26dd0d5f7d97098a6c","hash":"61aeba56e69e64ddca51f40f0fcee9d9ed7773cb"}
}
