TN:
SF:C:\Users\eduarda.guadagnin\Desktop\Padaria\src\router.js
FNF:0
FNH:0
DA:9,1
DA:11,1
DA:44,1
LF:3
LH:3
BRF:0
BRH:0
end_of_record
TN:
SF:C:\Users\eduarda.guadagnin\Desktop\Padaria\src\components\moleculas\Banner.vue
FNF:0
FNH:0
DA:15,2
DA:16,2
LF:2
LH:2
BRF:0
BRH:0
end_of_record
TN:
SF:C:\Users\eduarda.guadagnin\Desktop\Padaria\src\components\moleculas\Card.vue
FN:89,data
FN:95,comprar
FN:103,(anonymous_4)
FN:112,obterValor
FNF:4
FNH:1
FNDA:2,data
FNDA:0,comprar
FNDA:0,(anonymous_4)
FNDA:0,obterValor
DA:61,4
DA:62,4
DA:63,4
DA:64,4
DA:65,4
DA:66,4
DA:67,4
DA:68,4
DA:69,4
DA:90,2
DA:95,0
DA:96,0
DA:97,0
DA:98,0
DA:99,0
DA:100,0
DA:101,0
DA:102,0
DA:103,0
DA:106,0
DA:109,0
DA:113,0
DA:114,0
LF:23
LH:10
BRDA:97,0,0,0
BRDA:97,0,1,0
BRDA:97,1,0,0
BRDA:97,1,1,0
BRF:4
BRH:0
end_of_record
TN:
SF:C:\Users\eduarda.guadagnin\Desktop\Padaria\src\components\moleculas\Ofertas.vue
FN:14,data
FN:23,mounted
FNF:2
FNH:2
FNDA:1,data
FNDA:3,mounted
DA:9,2
DA:10,2
DA:11,2
DA:15,1
DA:23,7
DA:24,0
LF:6
LH:5
BRDA:23,0,0,1
BRDA:23,0,1,0
BRDA:23,0,2,0
BRDA:23,0,3,0
BRF:4
BRH:1
end_of_record
TN:
SF:C:\Users\eduarda.guadagnin\Desktop\Padaria\src\components\organismos\Home.vue
FNF:0
FNH:0
DA:21,1
DA:22,1
DA:23,1
DA:24,1
LF:4
LH:4
BRF:0
BRH:0
end_of_record
TN:
SF:C:\Users\eduarda.guadagnin\Desktop\Padaria\src\components\organismos\produto\CadatroProd.vue
FN:69,data
FN:91,limpa
FN:94,adicionarCardapio
FN:95,(anonymous_5)
FN:100,(anonymous_6)
FN:106,adicionarOferta
FN:107,(anonymous_8)
FN:112,(anonymous_9)
FN:118,LimparInput
FNF:9
FNH:0
FNDA:0,data
FNDA:0,limpa
FNDA:0,adicionarCardapio
FNDA:0,(anonymous_5)
FNDA:0,(anonymous_6)
FNDA:0,adicionarOferta
FNDA:0,(anonymous_8)
FNDA:0,(anonymous_9)
FNDA:0,LimparInput
DA:60,1
DA:61,1
DA:62,1
DA:63,1
DA:64,1
DA:65,1
DA:66,1
DA:70,0
DA:92,0
DA:94,0
DA:95,0
DA:98,0
DA:99,0
DA:102,0
DA:103,0
DA:106,0
DA:107,0
DA:110,0
DA:111,0
DA:114,0
DA:115,0
DA:119,0
LF:22
LH:7
BRF:0
BRH:0
end_of_record
TN:
SF:C:\Users\eduarda.guadagnin\Desktop\Padaria\src\components\organismos\produto\Produtos.vue
FN:10,data
FN:18,mounted
FNF:2
FNH:2
FNDA:1,data
FNDA:3,mounted
DA:6,2
DA:7,2
DA:11,1
DA:18,7
DA:19,0
LF:5
LH:4
BRDA:18,0,0,1
BRDA:18,0,1,0
BRDA:18,0,2,0
BRDA:18,0,3,0
BRF:4
BRH:1
end_of_record
TN:
SF:C:\Users\eduarda.guadagnin\Desktop\Padaria\src\components\organismos\usuarios\Cadastro.vue
FN:51,data
FN:68,cadastrar
FN:70,(anonymous_4)
FN:73,(anonymous_5)
FN:82,ConferirSenha
FNF:5
FNH:1
FNDA:1,data
FNDA:0,cadastrar
FNDA:0,(anonymous_4)
FNDA:0,(anonymous_5)
FNDA:0,ConferirSenha
DA:44,2
DA:45,2
DA:46,2
DA:47,2
DA:48,2
DA:52,1
DA:68,0
DA:69,0
DA:70,0
DA:72,0
DA:75,0
DA:76,0
DA:77,0
DA:78,0
DA:80,0
DA:83,0
DA:84,0
DA:85,0
DA:87,0
LF:19
LH:6
BRDA:84,0,0,0
BRDA:84,0,1,0
BRF:2
BRH:0
end_of_record
TN:
SF:C:\Users\eduarda.guadagnin\Desktop\Padaria\src\components\organismos\usuarios\Login.vue
FN:35,data
FN:49,logar
FN:50,(anonymous_4)
FN:53,(anonymous_5)
FNF:4
FNH:1
FNDA:1,data
FNDA:0,logar
FNDA:0,(anonymous_4)
FNDA:0,(anonymous_5)
DA:29,1
DA:30,1
DA:31,1
DA:32,1
DA:36,1
DA:49,0
DA:50,0
DA:52,0
DA:55,0
DA:56,0
DA:57,0
LF:11
LH:5
BRF:0
BRH:0
end_of_record
TN:
SF:C:\Users\eduarda.guadagnin\Desktop\Padaria\src\components\organismos\usuarios\PageUser.vue
FNF:0
FNH:0
DA:14,1
DA:15,1
DA:16,1
DA:17,1
DA:18,1
LF:5
LH:5
BRF:0
BRH:0
end_of_record
TN:
SF:C:\Users\eduarda.guadagnin\Desktop\Padaria\src\plugins\axios.js
FN:16,getProdutos
FN:18,(anonymous_1)
FN:23,getOfertas
FN:25,(anonymous_3)
FNF:4
FNH:2
FNDA:1,getProdutos
FNDA:0,(anonymous_1)
FNDA:1,getOfertas
FNDA:0,(anonymous_3)
DA:4,3
DA:7,3
DA:17,1
DA:19,0
DA:20,0
DA:24,1
DA:26,0
LF:7
LH:4
BRF:0
BRH:0
end_of_record
TN:
SF:C:\Users\eduarda.guadagnin\Desktop\Padaria\test\unit\setup.js
FN:10,(anonymous_0)
FNF:1
FNH:0
FNDA:0,(anonymous_0)
DA:3,21
DA:4,21
DA:5,21
DA:7,21
DA:8,21
DA:10,21
DA:19,21
LF:7
LH:7
BRF:0
BRH:0
end_of_record
TN:
SF:C:\Users\eduarda.guadagnin\Desktop\Padaria\test\unit\specs\moleculas\ofertasaxios.js
FN:2,getOfertas
FN:4,(anonymous_1)
FNF:2
FNH:1
FNDA:1,getOfertas
FNDA:0,(anonymous_1)
DA:3,1
DA:5,0
LF:2
LH:1
BRF:0
BRH:0
end_of_record
